# JRE version: OpenJDK Runtime Environment (8.0_76-b03) (build 1.8.0_76-release-b03)
# Java VM: OpenJDK 64-Bit Server VM (25.76-b03 mixed mode windows-amd64 compressed oops)
Heap:
 PSYoungGen      total 453120K, used 55429K [0x00000000e0000000, 0x0000000100000000, 0x0000000100000000)
  eden space 381952K, 9% used [0x00000000e0000000,0x00000000e2440898,0x00000000f7500000)
  from space 71168K, 25% used [0x00000000f7500000,0x00000000f86e0be8,0x00000000fba80000)
  to   space 68096K, 0% used [0x00000000fbd80000,0x00000000fbd80000,0x0000000100000000)
 ParOldGen       total 212480K, used 108597K [0x00000000a0000000, 0x00000000acf80000, 0x00000000e0000000)
  object space 212480K, 51% used [0x00000000a0000000,0x00000000a6a0d720,0x00000000acf80000)
 Metaspace       used 78485K, capacity 83266K, committed 83504K, reserved 1122304K
  class space    used 9938K, capacity 10969K, committed 11056K, reserved 1048576K
GC Heap History (10 events):
Event: 1340.369 GC heap before
{Heap before GC invocations=46 (full 6):
 PSYoungGen      total 456704K, used 406239K [0x00000000e0000000, 0x0000000100000000, 0x0000000100000000)
  eden space 395264K, 100% used [0x00000000e0000000,0x00000000f8200000,0x00000000f8200000)
  from space 61440K, 17% used [0x00000000f8200000,0x00000000f8cb7fb0,0x00000000fbe00000)
  to   space 59392K, 0% used [0x00000000fc600000,0x00000000fc600000,0x0000000100000000)
 ParOldGen       total 212480K, used 79557K [0x00000000a0000000, 0x00000000acf80000, 0x00000000e0000000)
  object space 212480K, 37% used [0x00000000a0000000,0x00000000a4db1420,0x00000000acf80000)
 Metaspace       used 78426K, capacity 83264K, committed 83504K, reserved 1122304K
  class space    used 9948K, capacity 11012K, committed 11056K, reserved 1048576K
Event: 1340.408 GC heap after
Heap after GC invocations=46 (full 6):
 PSYoungGen      total 458752K, used 39317K [0x00000000e0000000, 0x0000000100000000, 0x0000000100000000)
  eden space 399360K, 0% used [0x00000000e0000000,0x00000000e0000000,0x00000000f8600000)
  from space 59392K, 66% used [0x00000000fc600000,0x00000000fec656b8,0x0000000100000000)
  to   space 62464K, 0% used [0x00000000f8600000,0x00000000f8600000,0x00000000fc300000)
 ParOldGen       total 212480K, used 79557K [0x00000000a0000000, 0x00000000acf80000, 0x00000000e0000000)
  object space 212480K, 37% used [0x00000000a0000000,0x00000000a4db1420,0x00000000acf80000)
 Metaspace       used 78426K, capacity 83264K, committed 83504K, reserved 1122304K
  class space    used 9948K, capacity 11012K, committed 11056K, reserved 1048576K
}
Event: 1340.764 GC heap before
{Heap before GC invocations=47 (full 6):
 PSYoungGen      total 458752K, used 438677K [0x00000000e0000000, 0x0000000100000000, 0x0000000100000000)
  eden space 399360K, 100% used [0x00000000e0000000,0x00000000f8600000,0x00000000f8600000)
  from space 59392K, 66% used [0x00000000fc600000,0x00000000fec656b8,0x0000000100000000)
  to   space 62464K, 0% used [0x00000000f8600000,0x00000000f8600000,0x00000000fc300000)
 ParOldGen       total 212480K, used 79557K [0x00000000a0000000, 0x00000000acf80000, 0x00000000e0000000)
  object space 212480K, 37% used [0x00000000a0000000,0x00000000a4db1420,0x00000000acf80000)
 Metaspace       used 78430K, capacity 83264K, committed 83504K, reserved 1122304K
  class space    used 9948K, capacity 11012K, committed 11056K, reserved 1048576K
Event: 1340.827 GC heap after
Heap after GC invocations=47 (full 6):
 PSYoungGen      total 461824K, used 61961K [0x00000000e0000000, 0x0000000100000000, 0x0000000100000000)
  eden space 399360K, 0% used [0x00000000e0000000,0x00000000e0000000,0x00000000f8600000)
  from space 62464K, 99% used [0x00000000f8600000,0x00000000fc2827a8,0x00000000fc300000)
  to   space 62464K, 0% used [0x00000000fc300000,0x00000000fc300000,0x0000000100000000)
 ParOldGen       total 212480K, used 84344K [0x00000000a0000000, 0x00000000acf80000, 0x00000000e0000000)
  object space 212480K, 39% used [0x00000000a0000000,0x00000000a525e220,0x00000000acf80000)
 Metaspace       used 78430K, capacity 83264K, committed 83504K, reserved 1122304K
  class space    used 9948K, capacity 11012K, committed 11056K, reserved 1048576K
}
Event: 1341.367 GC heap before
{Heap before GC invocations=48 (full 6):
 PSYoungGen      total 461824K, used 292871K [0x00000000e0000000, 0x0000000100000000, 0x0000000100000000)
  eden space 399360K, 57% used [0x00000000e0000000,0x00000000ee17f748,0x00000000f8600000)
  from space 62464K, 99% used [0x00000000f8600000,0x00000000fc2827a8,0x00000000fc300000)
  to   space 62464K, 0% used [0x00000000fc300000,0x00000000fc300000,0x0000000100000000)
 ParOldGen       total 212480K, used 84344K [0x00000000a0000000, 0x00000000acf80000, 0x00000000e0000000)
  object space 212480K, 39% used [0x00000000a0000000,0x00000000a525e220,0x00000000acf80000)
 Metaspace       used 78443K, capacity 83264K, committed 83504K, reserved 1122304K
  class space    used 9948K, capacity 11012K, committed 11056K, reserved 1048576K
Event: 1341.394 GC heap after
Heap after GC invocations=48 (full 6):
 PSYoungGen      total 444416K, used 32796K [0x00000000e0000000, 0x0000000100000000, 0x0000000100000000)
  eden space 381952K, 0% used [0x00000000e0000000,0x00000000e0000000,0x00000000f7500000)
  from space 62464K, 52% used [0x00000000fc300000,0x00000000fe307310,0x0000000100000000)
  to   space 71168K, 0% used [0x00000000f7500000,0x00000000f7500000,0x00000000fba80000)
 ParOldGen       total 212480K, used 93195K [0x00000000a0000000, 0x00000000acf80000, 0x00000000e0000000)
  object space 212480K, 43% used [0x00000000a0000000,0x00000000a5b02c80,0x00000000acf80000)
 Metaspace       used 78443K, capacity 83264K, committed 83504K, reserved 1122304K
  class space    used 9948K, capacity 11012K, committed 11056K, reserved 1048576K
}
Event: 1341.394 GC heap before
{Heap before GC invocations=49 (full 7):
 PSYoungGen      total 444416K, used 32796K [0x00000000e0000000, 0x0000000100000000, 0x0000000100000000)
  eden space 381952K, 0% used [0x00000000e0000000,0x00000000e0000000,0x00000000f7500000)
  from space 62464K, 52% used [0x00000000fc300000,0x00000000fe307310,0x0000000100000000)
  to   space 71168K, 0% used [0x00000000f7500000,0x00000000f7500000,0x00000000fba80000)
 ParOldGen       total 212480K, used 93195K [0x00000000a0000000, 0x00000000acf80000, 0x00000000e0000000)
  object space 212480K, 43% used [0x00000000a0000000,0x00000000a5b02c80,0x00000000acf80000)
 Metaspace       used 78443K, capacity 83264K, committed 83504K, reserved 1122304K
  class space    used 9948K, capacity 11012K, committed 11056K, reserved 1048576K
Event: 1341.941 GC heap after
Heap after GC invocations=49 (full 7):
 PSYoungGen      total 444416K, used 0K [0x00000000e0000000, 0x0000000100000000, 0x0000000100000000)
  eden space 381952K, 0% used [0x00000000e0000000,0x00000000e0000000,0x00000000f7500000)
  from space 62464K, 0% used [0x00000000fc300000,0x00000000fc300000,0x0000000100000000)
  to   space 71168K, 0% used [0x00000000f7500000,0x00000000f7500000,0x00000000fba80000)
 ParOldGen       total 212480K, used 108589K [0x00000000a0000000, 0x00000000acf80000, 0x00000000e0000000)
  object space 212480K, 51% used [0x00000000a0000000,0x00000000a6a0b720,0x00000000acf80000)
 Metaspace       used 78382K, capacity 83108K, committed 83504K, reserved 1122304K
  class space    used 9929K, capacity 10960K, committed 11056K, reserved 1048576K
}
Event: 1349.796 GC heap before
{Heap before GC invocations=50 (full 7):
 PSYoungGen      total 444416K, used 381952K [0x00000000e0000000, 0x0000000100000000, 0x0000000100000000)
  eden space 381952K, 100% used [0x00000000e0000000,0x00000000f7500000,0x00000000f7500000)
  from space 62464K, 0% used [0x00000000fc300000,0x00000000fc300000,0x0000000100000000)
  to   space 71168K, 0% used [0x00000000f7500000,0x00000000f7500000,0x00000000fba80000)
 ParOldGen       total 212480K, used 108589K [0x00000000a0000000, 0x00000000acf80000, 0x00000000e0000000)
  object space 212480K, 51% used [0x00000000a0000000,0x00000000a6a0b720,0x00000000acf80000)
 Metaspace       used 78476K, capacity 83266K, committed 83504K, reserved 1122304K
  class space    used 9938K, capacity 10969K, committed 11056K, reserved 1048576K
Event: 1349.818 GC heap after
Heap after GC invocations=50 (full 7):
 PSYoungGen      total 453120K, used 18306K [0x00000000e0000000, 0x0000000100000000, 0x0000000100000000)
  eden space 381952K, 0% used [0x00000000e0000000,0x00000000e0000000,0x00000000f7500000)
  from space 71168K, 25% used [0x00000000f7500000,0x00000000f86e0be8,0x00000000fba80000)
  to   space 68096K, 0% used [0x00000000fbd80000,0x00000000fbd80000,0x0000000100000000)
 ParOldGen       total 212480K, used 108597K [0x00000000a0000000, 0x00000000acf80000, 0x00000000e0000000)
  object space 212480K, 51% used [0x00000000a0000000,0x00000000a6a0d720,0x00000000acf80000)
 Metaspace       used 78476K, capacity 83266K, committed 83504K, reserved 1122304K
  class space    used 9938K, capacity 10969K, committed 11056K, reserved 1048576K
}

